kOzVpErAkOzVNihIZurAl{kO
NihIZurAkOzVl{kOZuNihIZu
l{kOZuNizVpEl{kOZurAl{kO
kOzVpErAl{kOl{kOZuNizVpE
NihIZurAkOzVkOzVpErAkOzV
l{kOZuNizVpENihIZurAkOzV
kOzVpErAkOzVkOzVpErAkOzV
NihIZurAkOzVl{kOZuNizVpE
l{kOZurAkOzVNihIZuNizVpE
kOzVpErAl{kONihIZurAl{kO
l{kOZurAl{kOkOzVpErAkOzV
NihIZurAl{kOkOzVpErAkOzV
l{kOZuNihIZul{kOZurAkOzV
kOzVpErAkOzVkOzVpErAkOzV
NihIZuNizVpEkOzVpErAl{kO
l{kOZurAkOzVNihIZuNizVpE
kOzVpErAkOzVl{kOZurAkOzV
NihIZurAkOzVkOzVpErAl{kO
l{kOZuNizVpEkOzVpErAl{kO
NihIZurAkOzVl{kOZuNihIZu
kOzVpErAl{kOl{kOZurAkOzV
NihIZuNizVpEl{kOZurAl{kO
kOzVpErAkOzVNihIZuNizVpE
l{kOZurAkOzVkOzVpErAl{kO
kOzVpErAl{kONihIZurAl{kO
l{kOZurAkOzVl{kOZuNihIZu
NihIZurAl{kOkOzVpErAkOzV
l{kOZuNizVpENihIZurAl{kO
kOzVpErAl{kOl{kOZuNizVpE
NihIZuNizVpEkOzVpErAkOzV
kOzVpErAkOzVNihIZuNizVpE
l{kOZuNizVpEl{kOZurAkOzV
NihIZuNizVpENihIZurAkOzV
kOzVpErAkOzVl{kOZurAl{kO
l{kOZurAl{kONihIZuNizVpE
