w{TVzEmijOw{w{TVzEmiw{TV
jOw{hAtUTVzEtUdIhAmiw{TV
tUdIhAmijOw{tUdIhAtUTVzE
jOw{hAtUTVzEw{TVzEmiw{TV
w{TVzEmijOw{jOw{hAmijOw{
tUdIhAmiw{TVw{TVzEmiw{TV
jOw{hAtUTVzEjOw{hAmijOw{
tUdIhAmiw{TVtUdIhAtUTVzE
w{TVzEmijOw{jOw{hAtUdIhA
w{TVzEmijOw{w{TVzEmijOw{
jOw{hAtUdIhAjOw{hAmiw{TV
tUdIhAtUTVzEw{TVzEmijOw{
jOw{hAmiw{TVjOw{hAtUdIhA
w{TVzEmiw{TVjOw{hAmiw{TV
tUdIhAmiw{TVw{TVzEmiw{TV
w{TVzEmijOw{tUdIhAtUTVzE
jOw{hAmijOw{w{TVzEmijOw{
tUdIhAmiw{TVtUdIhAtUTVzE
jOw{hAtUdIhAw{TVzEmiw{TV
w{TVzEmijOw{jOw{hAtUTVzE
tUdIhAtUTVzEjOw{hAmijOw{
jOw{hAtUTVzEtUdIhAmiw{TV
w{TVzEmijOw{tUdIhAmijOw{
tUdIhAmijOw{jOw{hAtUdIhA
w{TVzEmiw{TVw{TVzEmijOw{
jOw{hAmiw{TVjOw{hAtUdIhA
w{TVzEmijOw{w{TVzEmiw{TV
tUdIhAmijOw{tUdIhAtUTVzE
jOw{hAmijOw{w{TVzEmiw{TV
jOw{hAtUdIhAw{TVzEmiw{TV
tUdIhAmiw{TVtUdIhAtUTVzE
w{TVzEmijOw{jOw{hAmiw{TV
jOw{hAtUdIhAjOw{hAmiw{TV
w{TVzEmijOw{tUdIhAtUTVzE
tUdIhAtUTVzEw{TVzEmiw{TV
