pOdVn{lurEkIpOdVn{pOkIfA
rEkIfAlurEkINirEn{pOkIfA
NirEn{lurEkIrEkIfAlurEkI
NirEn{lurEkIpOdVn{pOkIfA
rEkIfAlurEkINirEn{pOdVn{
pOdVn{lurEkIrEkIfAlurEkI
NirEn{lurEkIrEkIfAluNirE
rEkIfAluNirErEkIfAlurEkI
pOdVn{pOkIfANirEn{lurEkI
NirEn{pOkIfArEkIfAluNirE
pOdVn{pOkIfApOdVn{lurEkI
rEkIfAlurEkINirEn{pOdVn{
NirEn{pOdVn{rEkIfAluNirE
rEkIfAlurEkIpOdVn{luNirE
pOdVn{lurEkINirEn{pOkIfA
NirEn{pOdVn{NirEn{luNirE
rEkIfAlurEkIrEkIfAlurEkI
pOdVn{pOkIfANirEn{lurEkI
NirEn{luNirENirEn{pOdVn{
rEkIfAluNirEpOdVn{luNirE
pOdVn{luNirErEkIfAluNirE
rEkIfAluNirENirEn{luNirE
NirEn{luNirEpOdVn{pOkIfA
pOdVn{pOkIfArEkIfAluNirE
rEkIfAlurEkIpOdVn{pOkIfA
NirEn{pOdVn{rEkIfAlurEkI
NirEn{luNirErEkIfAlurEkI
pOdVn{luNirENirEn{pOkIfA
rEkIfAluNirEpOdVn{lurEkI
NirEn{lurEkINirEn{pOkIfA
pOdVn{luNirErEkIfAlurEkI
rEkIfAluNirENirEn{luNirE
pOdVn{luNirEpOdVn{pOkIfA
NirEn{pOdVn{NirEn{luNirE
rEkIfAluNirErEkIfAluNirE
