wUkESufAwUkEwUkESugibOSu
kEt{lIfAkEt{gibOSufAwUkE
gibOSufAwUkEkEt{lIfAwUkE
wUkESugibOSuwUkESufAkEt{
kEt{lIfAkEt{wUkESufAwUkE
gibOSugit{lIgibOSufAwUkE
kEt{lIfAwUkEgibOSufAkEt{
wUkESugibOSukEt{lIfAwUkE
kEt{lIfAkEt{kEt{lIfAkEt{
gibOSufAwUkEwUkESugit{lI
wUkESugibOSukEt{lIfAkEt{
gibOSufAkEt{kEt{lIfAkEt{
wUkESufAkEt{wUkESugit{lI
kEt{lIfAkEt{gibOSufAkEt{
gibOSugit{lIkEt{lIfAkEt{
wUkESufAkEt{wUkESugibOSu
kEt{lIfAwUkEkEt{lIfAkEt{
gibOSufAkEt{kEt{lIfAkEt{
wUkESufAkEt{gibOSugit{lI
kEt{lIfAwUkEgibOSugit{lI
wUkESufAwUkEwUkESugibOSu
kEt{lIfAkEt{wUkESufAkEt{
gibOSufAwUkEkEt{lIfAwUkE
wUkESufAkEt{kEt{lIfAwUkE
gibOSugit{lIwUkESufAkEt{
kEt{lIfAwUkEgibOSugit{lI
wUkESufAwUkEkEt{lIfAkEt{
gibOSufAwUkEwUkESugit{lI
kEt{lIfAkEt{gibOSufAwUkE
wUkESugibOSuwUkESufAkEt{
kEt{lIfAkEt{kEt{lIfAwUkE
gibOSufAkEt{wUkESugibOSu
wUkESufAkEt{gibOSugit{lI
kEt{lIfAkEt{kEt{lIfAkEt{
gibOSugit{lIwUkESufAwUkE
