ZitVhOSIDAZiDAZisuSIZitV
DAZisuSIZitVDAZisuwUz{su
wUz{suSIZitVwUz{suwUtVhO
ZitVhOSIZitVZitVhOSIDAZi
wUz{suwUtVhOwUz{suSIDAZi
DAZisuSIDAZiwUz{suwUtVhO
ZitVhOSIZitVZitVhOSIDAZi
DAZisuwUz{suZitVhOSIZitV
wUz{suwUtVhOZitVhOSIDAZi
DAZisuwUtVhODAZisuSIZitV
ZitVhOSIDAZiZitVhOSIZitV
wUz{suSIDAZiDAZisuwUtVhO
DAZisuwUtVhOwUz{suSIDAZi
ZitVhOSIZitVDAZisuSIDAZi
wUz{suSIZitVwUz{suwUtVhO
DAZisuSIZitVZitVhOSIDAZi
ZitVhOSIZitVDAZisuSIZitV
wUz{suSIZitVwUz{suwUtVhO
ZitVhOSIZitVDAZisuwUtVhO
DAZisuwUtVhODAZisuSIZitV
wUz{suwUtVhOZitVhOSIDAZi
ZitVhOSIZitVZitVhOSIDAZi
wUz{suSIDAZiZitVhOSIDAZi
DAZisuwUtVhOwUz{suSIDAZi
DAZisuwUtVhOZitVhOSIZitV
wUz{suwUtVhODAZisuSIZitV
ZitVhOSIDAZiwUz{suSIDAZi
DAZisuSIDAZiwUz{suwUtVhO
ZitVhOSIDAZiDAZisuwUz{su
wUz{suSIDAZiZitVhOSIDAZi
DAZisuSIDAZiZitVhOSIZitV
ZitVhOSIZitVwUz{suSIZitV
wUz{suSIDAZiDAZisuwUtVhO
DAZisuwUtVhODAZisuSIZitV
ZitVhOSIDAZiwUz{suSIZitV
