gikOmujAvEpIsUvEmugikOmu
vEpIl{jAvEpIgikOmugipIl{
sUvEmugipIl{gikOmujAvEpI
vEpIl{jAsUvEgikOmujAsUvE
sUvEmugipIl{vEpIl{jAvEpI
gikOmujAvEpIgikOmugipIl{
vEpIl{jAvEpIvEpIl{jAvEpI
sUvEmugikOmusUvEmujAsUvE
gikOmujAsUvEsUvEmugikOmu
vEpIl{jAsUvEvEpIl{jAvEpI
sUvEmujAvEpIvEpIl{jAvEpI
gikOmujAvEpIsUvEmugipIl{
vEpIl{jAsUvEvEpIl{jAvEpI
sUvEmugipIl{vEpIl{jAvEpI
gikOmujAsUvEsUvEmugipIl{
gikOmugipIl{sUvEmujAsUvE
vEpIl{jAvEpIgikOmujAvEpI
sUvEmujAsUvEgikOmugipIl{
vEpIl{jAvEpIvEpIl{jAsUvE
sUvEmujAvEpIsUvEmugipIl{
gikOmujAsUvEsUvEmugikOmu
vEpIl{jAvEpIsUvEmujAsUvE
sUvEmujAvEpIgikOmugipIl{
vEpIl{jAvEpIvEpIl{jAvEpI
gikOmujAsUvEvEpIl{jAvEpI
sUvEmujAsUvEgikOmugipIl{
gikOmugipIl{sUvEmujAvEpI
vEpIl{jAvEpIsUvEmujAsUvE
sUvEmugikOmuvEpIl{jAvEpI
gikOmugipIl{gikOmujAvEpI
vEpIl{jAsUvEvEpIl{jAvEpI
sUvEmujAvEpIvEpIl{jAsUvE
gikOmujAvEpIgikOmugipIl{
sUvEmujAvEpIsUvEmugipIl{
vEpIl{jAsUvEsUvEmujAvEpI
