pUdIfAwEtVpUpUdIfAwEtVpU
Num{biNudIfAtVpUbiwpUEdI
tVpUbiwEtVpUNum{biNudIfA
Num{biNudIfApUdIfAwpUEdI
tVpUbiwEtVpUtVpUbiNudIfA
pUdIfAwpUEdIpUdIfAwpUEdI
Num{biwpUEdItVpUbiNum{bi
tVpUbiNum{bitVpUbiwEtVpU
pUdIfAwpUEdINum{biNudIfA
pUdIfAwpUEdIpUdIfAwEtVpU
Num{biwpUEdINum{biNudIfA
Num{biwEtVpUNum{biNudIfA
tVpUbiNum{bitVpUbiwEtVpU
tVpUbiwpUEdIpUdIfAwpUEdI
pUdIfAwEtVpUpUdIfAwEtVpU
pUdIfAwEtVpUtVpUbiNudIfA
tVpUbiNudIfApUdIfAwpUEdI
Num{biwEtVpUpUdIfAwEtVpU
pUdIfAwpUEdItVpUbiwEtVpU
tVpUbiNudIfANum{biwpUEdI
Num{biwpUEdIpUdIfAwpUEdI
tVpUbiNudIfAtVpUbiwpUEdI
pUdIfAwEtVpUNum{biwpUEdI
Num{biwpUEdINum{biNudIfA
pUdIfAwEtVpUtVpUbiNudIfA
tVpUbiwEtVpUpUdIfAwpUEdI
tVpUbiNum{bipUdIfAwpUEdI
pUdIfAwEtVpUtVpUbiwEtVpU
pUdIfAwpUEdItVpUbiNudIfA
Num{biwpUEdItVpUbiNum{bi
Num{biNudIfANum{biwEtVpU
tVpUbiwpUEdINum{biNudIfA
Num{biwEtVpUNum{biNudIfA
pUdIfAwEtVpUpUdIfAwEtVpU
tVpUbiwpUEdIpUdIfAwpUEdI
