hUwVN{nEsIfihUwVN{vuwVsI
nEgAN{vuwVsIhUwVN{nEsIfi
wVsIfivuhUwVwVsIfivuhUwV
nEgAN{nEsIfiwVsIfivuwVsI
hUwVN{nEgAN{wVsIfivuhUwV
wVsIfivuhUwVhUwVN{vuwVsI
nEgAN{vuwVsIwVsIfivuhUwV
hUwVN{vuwVsInEgAN{nEsIfi
wVsIfivuwVsIhUwVN{nEgAN{
hUwVN{vuhUwVnEgAN{nEsIfi
wVsIfivuwVsInEgAN{vuwVsI
hUwVN{vuhUwVwVsIfivuhUwV
hUwVN{nEsIfinEgAN{vuhUwV
wVsIfivuhUwVnEgAN{vuwVsI
wVsIfivuhUwVwVsIfivuwVsI
nEgAN{vuhUwVhUwVN{nEgAN{
wVsIfivuwVsIhUwVN{vuwVsI
nEgAN{vuwVsIwVsIfivuwVsI
hUwVN{vuhUwVhUwVN{nEgAN{
wVsIfivuhUwVwVsIfivuhUwV
nEgAN{nEsIfihUwVN{vuwVsI
wVsIfivuwVsInEgAN{nEsIfi
hUwVN{nEgAN{hUwVN{vuwVsI
nEgAN{vuwVsIwVsIfivuhUwV
hUwVN{nEgAN{wVsIfivuwVsI
wVsIfivuwVsIhUwVN{vuhUwV
nEgAN{nEsIfiwVsIfivuhUwV
nEgAN{vuhUwVnEgAN{nEsIfi
wVsIfivuwVsInEgAN{vuhUwV
hUwVN{nEgAN{hUwVN{vuwVsI
hUwVN{vuwVsIwVsIfivuwVsI
nEgAN{vuhUwVhUwVN{nEsIfi
nEgAN{nEsIfinEgAN{vuwVsI
hUwVN{vuhUwVnEgAN{nEsIfi
wVsIfivuhUwVwVsIfivuwVsI
