pIliSubEz{jAjAmVvUbEz{jA
jAmVvUbEz{jApIliSubEz{jA
z{jASupImVvUpIliSubEz{jA
z{jASupIliSujAmVvUbjAEmV
jAmVvUbjAEmVjAmVvUbEz{jA
pIliSupImVvUjAmVvUbjAEmV
z{jASubjAEmVpIliSupImVvU
z{jASubjAEmVz{jASupImVvU
pIliSubjAEmVz{jASupIliSu
jAmVvUbjAEmVpIliSupImVvU
jAmVvUbjAEmVjAmVvUbEz{jA
z{jASupImVvUz{jASubEz{jA
pIliSubjAEmVz{jASupImVvU
jAmVvUbjAEmVjAmVvUbjAEmV
z{jASupImVvUjAmVvUbEz{jA
z{jASubEz{jAz{jASupImVvU
jAmVvUbEz{jAjAmVvUbjAEmV
pIliSupImVvUz{jASubEz{jA
z{jASubEz{jAz{jASupIliSu
jAmVvUbjAEmVpIliSubEz{jA
pIliSubjAEmVjAmVvUbEz{jA
z{jASupIliSuz{jASubEz{jA
jAmVvUbEz{jApIliSubEz{jA
jAmVvUbjAEmVz{jASubEz{jA
pIliSubjAEmVjAmVvUbjAEmV
z{jASupIliSuz{jASubEz{jA
pIliSubEz{jAz{jASupIliSu
jAmVvUbjAEmVz{jASupImVvU
pIliSubjAEmVpIliSupImVvU
pIliSupImVvUpIliSubjAEmV
jAmVvUbEz{jAjAmVvUbjAEmV
z{jASubjAEmVpIliSupImVvU
jAmVvUbjAEmVjAmVvUbEz{jA
pIliSubjAEmVz{jASupIliSu
z{jASupImVvUjAmVvUbEz{jA
