vIZUkujigAmVvIZUkuvIp{fE
mVp{fEjimVp{mVp{fEjigAmV
gAmVkuvIp{fEvIZUkujigAmV
gAmVkujimVp{vIZUkuvIp{fE
mVp{fEjigAmVgAmVkuvIp{fE
vIZUkujimVp{gAmVkuvIZUku
mVp{fEjimVp{mVp{fEjimVp{
gAmVkujigAmVmVp{fEjigAmV
vIZUkujimVp{gAmVkuvIZUku
mVp{fEjigAmVgAmVkuvIp{fE
gAmVkuvIp{fEgAmVkujigAmV
vIZUkujimVp{vIZUkuvIp{fE
mVp{fEjigAmVvIZUkujimVp{
gAmVkuvIZUkugAmVkujimVp{
mVp{fEjimVp{mVp{fEjimVp{
vIZUkuvIp{fEmVp{fEjigAmV
gAmVkuvIZUkumVp{fEjigAmV
vIZUkuvIp{fEgAmVkujimVp{
mVp{fEjigAmVmVp{fEjimVp{
gAmVkujimVp{gAmVkuvIp{fE
vIZUkujigAmVmVp{fEjigAmV
gAmVkuvIZUkumVp{fEjigAmV
mVp{fEjimVp{vIZUkujigAmV
vIZUkujimVp{mVp{fEjigAmV
gAmVkuvIZUkugAmVkujimVp{
mVp{fEjimVp{gAmVkuvIp{fE
vIZUkuvIp{fEmVp{fEjimVp{
gAmVkujimVp{vIZUkuvIp{fE
mVp{fEjimVp{gAmVkuvIZUku
vIZUkujigAmVgAmVkuvIZUku
mVp{fEjimVp{mVp{fEjigAmV
gAmVkuvIZUkumVp{fEjigAmV
gAmVkujigAmVvIZUkuvIp{fE
mVp{fEjimVp{vIZUkujigAmV
vIZUkuvIp{fEvIZUkujimVp{
