zimUkAhOzimUzimUkAhOzimU
nuziSVhOzimUnuziSVjIbESV
jIbESVjImUkAzimUkAhOnuzi
jIbESVjImUkAnuziSVhOnuzi
nuziSVhOnuzizimUkAhOnuzi
zimUkAhOnuzijIbESVhOnuzi
jIbESVjImUkAjIbESVhOnuzi
nuziSVhOzimUjIbESVjImUkA
zimUkAhOzimUnuziSVjImUkA
zimUkAhOzimUjIbESVjImUkA
nuziSVhOzimUzimUkAhOzimU
jIbESVjImUkAnuziSVhOnuzi
zimUkAhOzimUnuziSVjIbESV
nuziSVhOzimUzimUkAhOzimU
jIbESVhOzimUjIbESVjImUkA
nuziSVhOnuzinuziSVjImUkA
zimUkAhOnuzijIbESVhOzimU
jIbESVhOzimUzimUkAhOnuzi
nuziSVhOnuzizimUkAhOzimU
zimUkAhOnuzinuziSVjIbESV
jIbESVjImUkAzimUkAhOzimU
nuziSVhOzimUnuziSVjIbESV
zimUkAhOzimUjIbESVhOnuzi
jIbESVhOnuzizimUkAhOzimU
nuziSVhOzimUnuziSVjIbESV
zimUkAhOnuzinuziSVjImUkA
zimUkAhOzimUzimUkAhOzimU
jIbESVjImUkAjIbESVhOzimU
nuziSVjIbESVzimUkAhOnuzi
nuziSVhOnuzijIbESVjImUkA
zimUkAhOnuzinuziSVhOnuzi
jIbESVjImUkAzimUkAhOnuzi
nuziSVjIbESVnuziSVhOzimU
zimUkAhOnuzizimUkAhOnuzi
jIbESVhOnuzijIbESVjImUkA
