vUbVwuNEp{vUrAdODINEp{vU
p{vUDIrAdODIvUbVwuNvUEbV
rAdODIrAbVwup{vUDINvUEbV
p{vUDIrAbVwuvUbVwuNvUEbV
vUbVwuNvUEbVp{vUDINEp{vU
rAdODIrAbVwurAdODINEp{vU
p{vUDINEp{vUp{vUDIrAdODI
vUbVwuNvUEbVrAdODINvUEbV
rAdODINvUEbVvUbVwuNEp{vU
vUbVwuNvUEbVp{vUDINvUEbV
p{vUDINEp{vUvUbVwuNEp{vU
rAdODINvUEbVvUbVwuNEp{vU
p{vUDIrAbVwurAdODINvUEbV
vUbVwuNvUEbVrAdODINEp{vU
rAdODIrAbVwup{vUDINEp{vU
p{vUDIrAbVwuvUbVwuNEp{vU
vUbVwuNEp{vUp{vUDIrAdODI
rAdODINEp{vUvUbVwuNvUEbV
p{vUDIrAdODIp{vUDINEp{vU
vUbVwuNEp{vUrAdODINEp{vU
rAdODINEp{vUvUbVwuNvUEbV
p{vUDIrAdODIvUbVwuNvUEbV
vUbVwuNvUEbVp{vUDINEp{vU
rAdODINEp{vUp{vUDIrAdODI
vUbVwuNEp{vUrAdODIrAbVwu
p{vUDINEp{vUvUbVwuNEp{vU
p{vUDIrAdODIp{vUDINvUEbV
vUbVwuNEp{vUp{vUDIrAbVwu
rAdODINEp{vUrAdODIrAbVwu
vUbVwuNvUEbVvUbVwuNvUEbV
p{vUDIrAbVwup{vUDINvUEbV
rAdODINvUEbVrAdODIrAbVwu
vUbVwuNEp{vUvUbVwuNvUEbV
p{vUDIrAdODIvUbVwuNEp{vU
rAdODINvUEbVp{vUDIrAdODI
