wUguDOwUTANiz{dEDOkVdETA
z{dEDOwUTANidETANikVdETA
dETANikVdETAz{dEDOkVdETA
wUguDOkVz{dEdETANikVz{dE
dETANikVdETAwUguDOkVdETA
z{dEDOwUguDOz{dEDOkVz{dE
dETANikVdETAdETANikVdETA
wUguDOwUTANiwUguDOkVdETA
z{dEDOkVz{dEz{dEDOwUguDO
dETANikVz{dEwUguDOkVdETA
z{dEDOkVdETAdETANikVz{dE
wUguDOkVz{dEdETANikVz{dE
z{dEDOwUguDOdETANikVdETA
dETANikVdETAwUguDOwUTANi
wUguDOkVdETAz{dEDOwUguDO
z{dEDOkVdETAdETANikVz{dE
dETANikVz{dEz{dEDOkVz{dE
wUguDOwUTANiz{dEDOkVdETA
z{dEDOkVdETAwUguDOwUTANi
dETANikVdETAz{dEDOkVdETA
wUguDOkVdETAdETANikVdETA
dETANikVz{dEwUguDOkVz{dE
z{dEDOwUguDOz{dEDOkVdETA
wUguDOkVz{dEdETANikVz{dE
dETANikVdETAwUguDOkVdETA
z{dEDOwUTANidETANikVz{dE
wUguDOkVdETAz{dEDOwUTANi
z{dEDOwUTANiwUguDOkVdETA
dETANikVdETAdETANikVz{dE
wUguDOkVz{dEz{dEDOwUguDO
dETANikVz{dEwUguDOkVdETA
z{dEDOkVdETAz{dEDOwUguDO
dETANikVdETAwUguDOwUTANi
z{dEDOkVdETAdETANikVdETA
wUguDOkVdETAz{dEDOwUguDO
