nEjUsVtubIritufAsVZ{jUbI
tufAsVZ{nEjUjUbIriZ{nEjU
jUbIriZ{nEjUtufAsVZ{jUbI
nEjUsVZ{jUbIjUbIriZ{jUbI
jUbIriZ{nEjUnEjUsVtufAsV
tufAsVZ{nEjUnEjUsVtubIri
nEjUsVtufAsVjUbIriZ{jUbI
jUbIriZ{jUbItufAsVZ{jUbI
tufAsVZ{nEjUjUbIriZ{jUbI
nEjUsVtubIrinEjUsVZ{jUbI
jUbIriZ{jUbInEjUsVZ{nEjU
tufAsVtubIrijUbIriZ{jUbI
nEjUsVtufAsVnEjUsVZ{nEjU
jUbIriZ{nEjUtufAsVZ{nEjU
tufAsVtubIrinEjUsVZ{jUbI
jUbIriZ{jUbItufAsVZ{jUbI
nEjUsVZ{jUbInEjUsVtufAsV
jUbIriZ{nEjUjUbIriZ{jUbI
tufAsVZ{jUbIjUbIriZ{jUbI
nEjUsVtubIrijUbIriZ{nEjU
tufAsVtubIritufAsVZ{jUbI
nEjUsVZ{nEjUnEjUsVtufAsV
jUbIriZ{jUbInEjUsVtufAsV
jUbIriZ{nEjUtufAsVZ{nEjU
nEjUsVtufAsVnEjUsVZ{jUbI
tufAsVZ{jUbItufAsVtubIri
jUbIriZ{jUbInEjUsVtubIri
nEjUsVtufAsVjUbIriZ{jUbI
tufAsVZ{nEjUnEjUsVtufAsV
jUbIriZ{jUbIjUbIriZ{nEjU
nEjUsVZ{jUbIjUbIriZ{nEjU
tufAsVtubIrijUbIriZ{jUbI
jUbIriZ{jUbItufAsVZ{nEjU
nEjUsVtufAsVnEjUsVZ{jUbI
tufAsVZ{jUbIjUbIriZ{jUbI
