fUpItAZivEfUfUpItAZivEfU
vEfUz{ZifUpIfUpItAZivEfU
SumOz{SupItAvEfUz{ZifUpI
SumOz{ZifUpISumOz{SupItA
vEfUz{SupItAfUpItAZifUpI
fUpItAZifUpIvEfUz{ZivEfU
SumOz{ZivEfUSumOz{SupItA
vEfUz{ZivEfUvEfUz{SupItA
fUpItAZivEfUSumOz{ZifUpI
vEfUz{ZifUpISumOz{SupItA
fUpItAZifUpIfUpItAZivEfU
SumOz{ZivEfUvEfUz{SumOz{
vEfUz{SupItASumOz{ZifUpI
fUpItAZifUpIvEfUz{ZivEfU
SumOz{ZivEfUfUpItAZifUpI
vEfUz{ZivEfUSumOz{SupItA
fUpItAZifUpIfUpItAZifUpI
SumOz{ZifUpIvEfUz{SumOz{
fUpItAZifUpISumOz{ZivEfU
vEfUz{SumOz{fUpItAZivEfU
vEfUz{ZifUpIvEfUz{SumOz{
fUpItAZifUpIfUpItAZivEfU
SumOz{SupItAvEfUz{ZivEfU
SumOz{ZivEfUfUpItAZivEfU
vEfUz{ZifUpISumOz{SupItA
fUpItAZifUpIvEfUz{ZifUpI
SumOz{SupItAfUpItAZivEfU
vEfUz{ZivEfUvEfUz{SumOz{
fUpItAZivEfUvEfUz{SupItA
SumOz{ZivEfUfUpItAZivEfU
fUpItAZifUpIfUpItAZivEfU
vEfUz{ZifUpISumOz{SupItA
SumOz{SupItASumOz{ZifUpI
vEfUz{ZifUpIfUpItAZifUpI
fUpItAZivEfUSumOz{ZifUpI
