kEwulOpUkEwukEwulODVzAlO
wuS{dipUwuS{DVzAlOpUwuS{
DVzAlOpUwuS{wuS{dipUwuS{
wuS{dipUwuS{kEwulODVS{di
kEwulOpUwuS{DVzAlODVS{di
DVzAlOpUwuS{wuS{dipUkEwu
kEwulOpUwuS{kEwulODVS{di
wuS{dipUkEwuDVzAlOpUkEwu
DVzAlOpUwuS{wuS{dipUwuS{
kEwulOpUkEwuwuS{dipUkEwu
DVzAlOpUwuS{kEwulODVS{di
wuS{dipUwuS{DVzAlOpUkEwu
wuS{dipUkEwukEwulODVzAlO
kEwulOpUkEwuDVzAlODVS{di
DVzAlOpUwuS{wuS{dipUkEwu
kEwulODVzAlOkEwulOpUkEwu
wuS{dipUkEwuwuS{dipUkEwu
DVzAlOpUwuS{kEwulODVzAlO
wuS{dipUkEwukEwulODVS{di
kEwulOpUwuS{DVzAlODVS{di
wuS{dipUwuS{wuS{dipUwuS{
wuS{dipUwuS{kEwulODVS{di
kEwulODVS{dikEwulOpUkEwu
DVzAlOpUwuS{DVzAlODVS{di
wuS{dipUwuS{wuS{dipUkEwu
kEwulODVS{diDVzAlOpUwuS{
DVzAlOpUwuS{kEwulODVS{di
DVzAlOpUkEwuwuS{dipUwuS{
kEwulODVS{diwuS{dipUwuS{
DVzAlOpUwuS{DVzAlODVS{di
wuS{dipUwuS{kEwulODVS{di
kEwulODVzAlOwuS{dipUkEwu
wuS{dipUkEwuDVzAlODVS{di
DVzAlOpUwuS{wuS{dipUkEwu
kEwulOpUwuS{DVzAlODVS{di
