ZEp{nIZEfijOzVlUnImAzVlU
lUfijOmAzVlUzVlUnIZEfijO
zVlUnIZEp{nIlUfijOmAzVlU
ZEp{nImAlUfizVlUnIZEp{nI
lUfijOmAlUfiZEp{nImAzVlU
zVlUnImAzVlUlUfijOmAzVlU
lUfijOmAzVlUZEp{nImAlUfi
zVlUnIZEfijOZEp{nImAlUfi
ZEp{nImAzVlUlUfijOmAzVlU
zVlUnImAzVlUzVlUnIZEfijO
lUfijOmAzVlUZEp{nIZEfijO
ZEp{nImAlUfilUfijOmAzVlU
lUfijOmAzVlUlUfijOmAzVlU
zVlUnImAlUfiZEp{nIZEfijO
ZEp{nImAzVlUzVlUnIZEfijO
zVlUnImAlUfilUfijOmAzVlU
lUfijOmAzVlUZEp{nIZEfijO
ZEp{nImAzVlUzVlUnIZEfijO
ZEp{nImAlUfiZEp{nIZEfijO
zVlUnIZEp{nIzVlUnImAzVlU
lUfijOmAzVlUlUfijOmAzVlU
ZEp{nImAzVlUZEp{nIZEfijO
zVlUnImAlUfilUfijOmAlUfi
ZEp{nImAzVlUzVlUnIZEfijO
lUfijOmAlUfizVlUnImAlUfi
zVlUnIZEp{nIlUfijOmAzVlU
lUfijOmAlUfizVlUnImAzVlU
lUfijOmAlUfilUfijOmAzVlU
zVlUnImAlUfizVlUnIZEp{nI
ZEp{nImAlUfiZEp{nIZEfijO
lUfijOmAlUfizVlUnIZEp{nI
zVlUnImAzVlUlUfijOmAzVlU
lUfijOmAzVlUZEp{nImAzVlU
zVlUnIZEp{nIzVlUnImAlUfi
ZEp{nImAzVlUlUfijOmAzVlU
