b{SUTugApiTuSUtOkIjVb{SU
gApiTujVSUtOSUtOkIjVSUtO
SUtOkIjVSUtOgApiTujVb{SU
b{SUTujVb{SUgApiTugAtOkI
SUtOkIjVSUtOb{SUTugAtOkI
gApiTugAtOkIgApiTujVb{SU
b{SUTugApiTub{SUTujVSUtO
SUtOkIjVSUtOSUtOkIjVb{SU
gApiTugAtOkIb{SUTujVb{SU
SUtOkIjVb{SUb{SUTujVb{SU
b{SUTujVb{SUSUtOkIjVSUtO
gApiTugAtOkISUtOkIjVSUtO
b{SUTugApiTub{SUTujVSUtO
SUtOkIjVb{SUb{SUTugAtOkI
gApiTugAtOkISUtOkIjVSUtO
b{SUTugApiTuSUtOkIjVb{SU
SUtOkIjVb{SUgApiTujVSUtO
gApiTujVSUtOgApiTugAtOkI
b{SUTugAtOkIb{SUTujVSUtO
SUtOkIjVSUtOb{SUTujVSUtO
gApiTujVb{SUSUtOkIjVSUtO
SUtOkIjVb{SUSUtOkIjVb{SU
gApiTujVb{SUb{SUTugAtOkI
gApiTujVSUtOb{SUTugAtOkI
b{SUTujVSUtOSUtOkIjVb{SU
b{SUTugAtOkIgApiTujVb{SU
SUtOkIjVSUtOgApiTujVSUtO
b{SUTugAtOkISUtOkIjVb{SU
gApiTujVSUtOSUtOkIjVSUtO
SUtOkIjVb{SUgApiTujVSUtO
b{SUTugApiTub{SUTujVb{SU
SUtOkIjVSUtOb{SUTugAtOkI
gApiTujVb{SUb{SUTugAtOkI
SUtOkIjVb{SUSUtOkIjVb{SU
gApiTujVSUtOgApiTugAtOkI
