girAfITOgirArANEv{TOrANE
rANEv{TOrANEgirAfIZUNEv{
ZUtufIZUNEv{ZUtufITOgirA
ZUtufIZUNEv{rANEv{TOrANE
girAfIZUNEv{girAfITOrANE
rANEv{TOrANErANEv{TOgirA
ZUtufIZUNEv{ZUtufITOgirA
girAfIZUNEv{girAfITOrANE
rANEv{TOgirAZUtufITOrANE
rANEv{TOrANEZUtufIZUNEv{
girAfITOgirAgirAfIZUtufI
ZUtufITOrANErANEv{TOgirA
girAfITOgirArANEv{TOgirA
ZUtufITOrANEgirAfIZUtufI
rANEv{TOrANEZUtufITOrANE
girAfIZUNEv{rANEv{TOgirA
rANEv{TOrANEgirAfIZUNEv{
ZUtufIZUNEv{rANEv{TOgirA
girAfIZUtufIrANEv{TOgirA
ZUtufIZUNEv{girAfITOrANE
rANEv{TOgirAgirAfITOgirA
ZUtufITOgirAZUtufIZUNEv{
rANEv{TOrANErANEv{TOrANE
girAfIZUNEv{ZUtufITOrANE
girAfITOrANEZUtufIZUNEv{
rANEv{TOrANEgirAfIZUtufI
ZUtufITOgirArANEv{TOgirA
girAfITOgirAgirAfIZUtufI
rANEv{TOgirAZUtufITOrANE
girAfIZUNEv{rANEv{TOrANE
ZUtufIZUNEv{girAfITOrANE
rANEv{TOrANErANEv{TOrANE
ZUtufITOrANEZUtufIZUNEv{
girAfIZUNEv{ZUtufITOgirA
rANEv{TOgirAgirAfITOgirA
