tVpUvOnIfutVdisEmAnIfutV
tVpUvOnItVpUtVpUvOnItVpU
disEmAdipUvOtVpUvOnIfutV
disEmAdipUvOdisEmAnIfutV
futVmAdipUvOfutVmAnIfutV
tVpUvOnIfutVdisEmAnIfutV
tVpUvOnIfutVtVpUvOnItVpU
futVmAdipUvOdisEmAnItVpU
disEmAdipUvOtVpUvOnItVpU
futVmAnIfutVtVpUvOnItVpU
disEmAnItVpUdisEmAdipUvO
tVpUvOnIfutVdisEmAdipUvO
futVmAdisEmAfutVmAnItVpU
tVpUvOnItVpUfutVmAnIfutV
disEmAnItVpUtVpUvOnIfutV
futVmAnItVpUfutVmAdipUvO
tVpUvOnIfutVtVpUvOnItVpU
disEmAnIfutVfutVmAdisEmA
futVmAnIfutVtVpUvOnIfutV
disEmAnIfutVfutVmAdisEmA
disEmAdipUvOfutVmAnItVpU
tVpUvOnItVpUdisEmAdipUvO
futVmAdipUvOtVpUvOnIfutV
disEmAnItVpUtVpUvOnIfutV
futVmAdipUvOfutVmAnItVpU
tVpUvOnItVpUdisEmAdipUvO
futVmAnIfutVfutVmAdipUvO
futVmAdipUvOdisEmAnIfutV
tVpUvOnIfutVfutVmAdipUvO
disEmAdipUvOtVpUvOnItVpU
futVmAdisEmAtVpUvOnIfutV
tVpUvOnIfutVdisEmAnIfutV
futVmAnItVpUfutVmAdipUvO
disEmAnIfutVfutVmAdisEmA
tVpUvOnItVpUfutVmAnItVpU
