ZiSEtVruwAD{ZiSEtVZigOdU
wAD{tVruwAD{D{gOdUruD{gO
D{gOdUruwAD{wAD{tVruwAD{
wAD{tVZigOdUZiSEtVruwAD{
D{gOdUruD{gOD{gOdUruD{gO
ZiSEtVZigOdUwAD{tVruD{gO
ZiSEtVZigOdUD{gOdUruD{gO
wAD{tVruwAD{wAD{tVZiSEtV
D{gOdUruwAD{D{gOdUruwAD{
ZiSEtVruD{gOZiSEtVZigOdU
wAD{tVZiSEtVD{gOdUruwAD{
D{gOdUruwAD{ZiSEtVruwAD{
wAD{tVruwAD{wAD{tVZiSEtV
D{gOdUruwAD{ZiSEtVZigOdU
ZiSEtVruwAD{D{gOdUruwAD{
wAD{tVZigOdUwAD{tVruD{gO
D{gOdUruD{gOwAD{tVruD{gO
ZiSEtVruD{gOD{gOdUruwAD{
ZiSEtVZigOdUD{gOdUruD{gO
wAD{tVruwAD{ZiSEtVZigOdU
D{gOdUruwAD{ZiSEtVruD{gO
wAD{tVruwAD{wAD{tVZigOdU
D{gOdUruwAD{D{gOdUruD{gO
ZiSEtVZigOdUZiSEtVruD{gO
wAD{tVZigOdUD{gOdUruwAD{
ZiSEtVruwAD{wAD{tVZigOdU
D{gOdUruD{gOwAD{tVZigOdU
wAD{tVruwAD{D{gOdUruD{gO
D{gOdUruwAD{wAD{tVruD{gO
ZiSEtVruD{gOZiSEtVZigOdU
wAD{tVruwAD{D{gOdUruwAD{
ZiSEtVruD{gOwAD{tVZiSEtV
D{gOdUruwAD{ZiSEtVZigOdU
wAD{tVZigOdUwAD{tVruwAD{
D{gOdUruwAD{D{gOdUruD{gO
