hVpEnIkUpEb{hVpEnIdub{wO
pEb{wOkUhVpEduZAnIkUpEb{
duZAnIkUhVpEpEb{wOkUhVpE
hVpEnIkUpEb{duZAnIdub{wO
pEb{wOkUhVpEhVpEnIduZAnI
duZAnIkUpEb{pEb{wOkUhVpE
pEb{wOkUpEb{hVpEnIdub{wO
duZAnIkUhVpEhVpEnIdub{wO
hVpEnIkUpEb{pEb{wOkUhVpE
duZAnIkUpEb{duZAnIdub{wO
pEb{wOkUhVpEpEb{wOkUhVpE
hVpEnIdub{wOhVpEnIkUhVpE
pEb{wOkUhVpEduZAnIkUhVpE
duZAnIdub{wOduZAnIkUhVpE
hVpEnIkUhVpEpEb{wOkUpEb{
pEb{wOkUhVpEduZAnIkUpEb{
hVpEnIdub{wOpEb{wOkUpEb{
duZAnIkUhVpEhVpEnIduZAnI
pEb{wOkUpEb{pEb{wOkUpEb{
hVpEnIkUpEb{hVpEnIduZAnI
duZAnIkUpEb{duZAnIdub{wO
pEb{wOkUhVpEhVpEnIduZAnI
hVpEnIduZAnIhVpEnIkUhVpE
pEb{wOkUhVpEpEb{wOkUhVpE
duZAnIdub{wOhVpEnIkUpEb{
hVpEnIkUhVpEduZAnIdub{wO
pEb{wOkUhVpEpEb{wOkUhVpE
duZAnIdub{wOpEb{wOkUhVpE
hVpEnIkUhVpEhVpEnIdub{wO
pEb{wOkUpEb{pEb{wOkUhVpE
duZAnIkUpEb{hVpEnIduZAnI
hVpEnIdub{wOduZAnIkUhVpE
pEb{wOkUpEb{duZAnIkUpEb{
hVpEnIduZAnIpEb{wOkUhVpE
duZAnIdub{wOhVpEnIkUhVpE
