mOzidugUSAjIlESAdumOjIp{
lESAdugUSAjImOzidumOjIp{
SAjIp{gUlESAlESAdumOjIp{
SAjIp{gUlESASAjIp{gUSAjI
mOzidugUlESAmOzidumOjIp{
lESAdugUSAjISAjIp{gUSAjI
SAjIp{gUSAjIlESAdugUSAjI
mOzidumOjIp{lESAdugUlESA
lESAdugUlESAmOzidumOjIp{
SAjIp{gUSAjImOzidugUSAjI
mOzidugUSAjISAjIp{gUlESA
lESAdugUlESASAjIp{gUlESA
lESAdugUlESAlESAdumOjIp{
lESAdumOjIp{mOzidugUSAjI
mOzidumOjIp{SAjIp{gUSAjI
mOzidumOjIp{mOzidugUSAjI
lESAdumOzidulESAdugUSAjI
SAjIp{gUlESAmOzidugUSAjI
lESAdumOziduSAjIp{gUSAjI
SAjIp{gUlESAlESAdugUlESA
mOzidugUSAjISAjIp{gUSAjI
lESAdumOjIp{SAjIp{gUSAjI
mOzidumOjIp{lESAdugUlESA
SAjIp{gUSAjIlESAdugUlESA
mOzidugUlESASAjIp{gUlESA
lESAdumOzidulESAdugUSAjI
SAjIp{gUlESAmOzidugUlESA
SAjIp{gUlESASAjIp{gUSAjI
SAjIp{gUSAjImOzidugUlESA
mOzidumOjIp{SAjIp{gUlESA
lESAdumOziduSAjIp{gUlESA
SAjIp{gUSAjIlESAdumOzidu
mOzidumOjIp{lESAdugUlESA
lESAdumOjIp{mOzidugUSAjI
SAjIp{gUSAjISAjIp{gUSAjI
