pVDigIpVTUwAfETUwAzOh{fE
fETUwAzOh{fEh{fEgIzOh{fE
h{fEgIpVDigIh{fEgIzOfETU
fETUwAzOh{fEpVDigIpVTUwA
pVDigIpVTUwAh{fEgIzOfETU
h{fEgIzOfETUfETUwAzOh{fE
pVDigIzOfETUh{fEgIpVDigI
fETUwAzOfETUpVDigIzOh{fE
h{fEgIzOh{fEfETUwAzOfETU
fETUwAzOh{fEpVDigIzOh{fE
h{fEgIzOh{fEfETUwAzOfETU
pVDigIpVTUwApVDigIzOfETU
fETUwAzOh{fEh{fEgIzOh{fE
h{fEgIzOh{fEfETUwAzOfETU
pVDigIzOh{fEh{fEgIpVTUwA
fETUwAzOh{fEpVDigIzOfETU
h{fEgIzOh{fEfETUwAzOh{fE
pVDigIzOfETUpVDigIpVTUwA
fETUwAzOfETUh{fEgIpVDigI
h{fEgIpVDigIfETUwAzOfETU
pVDigIzOh{fEh{fEgIpVDigI
fETUwAzOh{fEpVDigIzOh{fE
h{fEgIpVTUwAfETUwAzOfETU
fETUwAzOfETUfETUwAzOfETU
h{fEgIzOh{fEh{fEgIpVTUwA
pVDigIpVTUwAh{fEgIzOh{fE
pVDigIpVTUwApVDigIzOh{fE
fETUwAzOfETUh{fEgIzOh{fE
h{fEgIpVDigIfETUwAzOh{fE
fETUwAzOfETUfETUwAzOh{fE
pVDigIzOh{fEfETUwAzOfETU
h{fEgIpVTUwAh{fEgIzOfETU
pVDigIzOfETUpVDigIpVTUwA
h{fEgIzOfETUfETUwAzOh{fE
fETUwAzOfETUh{fEgIpVDigI
