nVfUvAsib{nVnVfUvAsib{nV
b{nVhuzOmEhub{nVhusinVfU
zOmEhuzOfUvAzOmEhusib{nV
nVfUvAsinVfUzOmEhusinVfU
b{nVhusib{nVzOmEhuzOfUvA
zOmEhusib{nVb{nVhuzOmEhu
nVfUvAsib{nVnVfUvAsib{nV
b{nVhuzOmEhunVfUvAsib{nV
zOmEhusinVfUzOmEhuzOfUvA
zOmEhusinVfUnVfUvAsinVfU
nVfUvAsib{nVzOmEhusinVfU
b{nVhuzOfUvAnVfUvAsib{nV
zOmEhusinVfUb{nVhuzOmEhu
nVfUvAsib{nVb{nVhuzOmEhu
b{nVhuzOmEhunVfUvAsib{nV
nVfUvAsib{nVnVfUvAsib{nV
zOmEhusib{nVzOmEhuzOfUvA
b{nVhusib{nVb{nVhuzOmEhu
nVfUvAsinVfUnVfUvAsib{nV
zOmEhuzOfUvAb{nVhusinVfU
b{nVhuzOmEhub{nVhusinVfU
nVfUvAsib{nVnVfUvAsib{nV
zOmEhusib{nVzOmEhuzOfUvA
b{nVhuzOfUvAnVfUvAsinVfU
nVfUvAsib{nVb{nVhusinVfU
zOmEhusib{nVnVfUvAsib{nV
b{nVhuzOmEhub{nVhusinVfU
nVfUvAsib{nVzOmEhusib{nV
zOmEhusib{nVb{nVhuzOfUvA
b{nVhuzOfUvAb{nVhusib{nV
nVfUvAsinVfUb{nVhuzOfUvA
b{nVhusib{nVb{nVhuzOfUvA
nVfUvAsinVfUnVfUvAsib{nV
b{nVhusinVfUb{nVhuzOmEhu
zOmEhusinVfUzOmEhuzOfUvA
