DEZ{lIbidVDEdVDENObiDEZ{
SuhANObiDEZ{DEZ{lIbidVDE
dVDENObidVDESuhANOSuZ{lI
SuhANOSuZ{lIdVDENObiDEZ{
DEZ{lIbidVDEDEZ{lIbiDEZ{
dVDENObidVDESuhANOSuZ{lI
dVDENOSuhANODEZ{lIbidVDE
SuhANOSuZ{lIDEZ{lIbidVDE
DEZ{lIbiDEZ{SuhANObiDEZ{
dVDENObiDEZ{dVDENOSuhANO
DEZ{lIbidVDEdVDENOSuhANO
SuhANObiDEZ{DEZ{lIbiDEZ{
dVDENObidVDEDEZ{lIbiDEZ{
DEZ{lIbiDEZ{dVDENOSuhANO
SuhANObiDEZ{SuhANOSuZ{lI
dVDENObidVDEdVDENOSuZ{lI
DEZ{lIbidVDEDEZ{lIbidVDE
SuhANObiDEZ{DEZ{lIbiDEZ{
dVDENOSuZ{lISuhANObidVDE
DEZ{lIbiDEZ{dVDENOSuhANO
DEZ{lIbiDEZ{DEZ{lIbiDEZ{
dVDENObidVDESuhANOSuZ{lI
DEZ{lIbiDEZ{dVDENObidVDE
dVDENOSuZ{lIDEZ{lIbidVDE
SuhANObidVDESuhANOSuZ{lI
DEZ{lIbidVDEdVDENOSuhANO
DEZ{lIbidVDEDEZ{lIbidVDE
SuhANOSuZ{lIdVDENObiDEZ{
dVDENObidVDEDEZ{lIbidVDE
dVDENObidVDEdVDENOSuhANO
SuhANObiDEZ{SuhANOSuZ{lI
SuhANOSuZ{lISuhANObidVDE
dVDENObiDEZ{SuhANOSuZ{lI
DEZ{lIbiDEZ{DEZ{lIbiDEZ{
SuhANObidVDESuhANOSuZ{lI
