rOpVTAkpVEbUpVbUZikErOpV
h{duTAkpVEbUrOpVTAh{bUZi
pVbUZikErOpVpVbUZikpVEbU
h{duTAkpVEbUh{duTAh{bUZi
rOpVTAkErOpVh{duTAh{bUZi
pVbUZikErOpVrOpVTAkErOpV
rOpVTAkpVEbUh{duTAh{bUZi
pVbUZikpVEbUrOpVTAkpVEbU
h{duTAkpVEbUpVbUZikErOpV
rOpVTAkpVEbUh{duTAh{bUZi
pVbUZikpVEbUrOpVTAh{duTA
h{duTAkpVEbUpVbUZikpVEbU
pVbUZikpVEbUpVbUZikErOpV
rOpVTAkErOpVrOpVTAh{duTA
h{duTAkpVEbUrOpVTAh{duTA
pVbUZikErOpVpVbUZikpVEbU
rOpVTAkErOpVh{duTAh{bUZi
h{duTAkpVEbUh{duTAh{bUZi
rOpVTAh{duTArOpVTAkpVEbU
pVbUZikpVEbUpVbUZikErOpV
h{duTAh{bUZirOpVTAkErOpV
pVbUZikErOpVrOpVTAkErOpV
rOpVTAh{duTApVbUZikpVEbU
h{duTAkpVEbUrOpVTAh{duTA
pVbUZikpVEbUh{duTAh{bUZi
rOpVTAkpVEbUpVbUZikpVEbU
pVbUZikpVEbUrOpVTAkErOpV
h{duTAkErOpVpVbUZikErOpV
rOpVTAh{bUZipVbUZikpVEbU
h{duTAkErOpVh{duTAh{bUZi
pVbUZikErOpVrOpVTAh{duTA
rOpVTAkpVEbUh{duTAh{bUZi
pVbUZikpVEbUpVbUZikErOpV
rOpVTAh{duTArOpVTAkErOpV
h{duTAh{bUZih{duTAkErOpV
