t{SVnIjAvOmut{SVnIt{lEwU
mulEwUjAmulEt{SVnIjAmulE
vOmunIt{SVnImulEwUjAmulE
vOmunIt{SVnIvOmunIjAvOmu
mulEwUjAmulEmulEwUjAvOmu
t{SVnIjAvOmumulEwUjAvOmu
vOmunIjAvOmuvOmunIt{SVnI
mulEwUjAvOmuvOmunIt{SVnI
t{SVnIjAvOmumulEwUjAmulE
vOmunIjAmulEvOmunIt{SVnI
mulEwUjAmulEmulEwUjAvOmu
t{SVnIt{lEwUvOmunIjAvOmu
vOmunIt{SVnImulEwUjAvOmu
mulEwUjAmulEvOmunIjAvOmu
t{SVnIjAvOmut{SVnIt{lEwU
mulEwUjAvOmuvOmunIt{lEwU
vOmunIjAmulEt{SVnIt{lEwU
mulEwUjAvOmumulEwUjAvOmu
t{SVnIjAvOmut{SVnIt{lEwU
vOmunIjAmulEvOmunIt{lEwU
mulEwUjAvOmuvOmunIjAmulE
t{SVnIjAmulEmulEwUjAmulE
vOmunIjAmulEt{SVnIt{lEwU
mulEwUjAmulEvOmunIt{SVnI
t{SVnIt{lEwUt{SVnIjAvOmu
vOmunIjAmulEmulEwUjAvOmu
mulEwUjAvOmumulEwUjAmulE
vOmunIjAvOmut{SVnIt{lEwU
t{SVnIjAmulEt{SVnIt{lEwU
vOmunIjAvOmumulEwUjAmulE
mulEwUjAvOmuvOmunIjAvOmu
t{SVnIjAmulEmulEwUjAmulE
vOmunIjAmulEvOmunIt{SVnI
mulEwUjAmulEt{SVnIjAmulE
t{SVnIjAvOmut{SVnIt{lEwU
