wIZEgOd{luvVluvVgOwIZEgO
vVnAmid{vVnAvVnAmid{vVnA
luvVgOwInAmiwIZEgOd{vVnA
luvVgOd{luvVvVnAmid{luvV
vVnAmid{vVnAwIZEgOwInAmi
wIZEgOwInAmiluvVgOd{luvV
luvVgOd{luvVwIZEgOwInAmi
vVnAmid{vVnAluvVgOwInAmi
wIZEgOwInAmivVnAmid{vVnA
vVnAmid{luvVluvVgOwIZEgO
luvVgOwInAmivVnAmid{luvV
wIZEgOd{luvVwIZEgOwInAmi
vVnAmid{luvVvVnAmid{vVnA
luvVgOwIZEgOvVnAmid{vVnA
wIZEgOwInAmiluvVgOd{vVnA
luvVgOwInAmiwIZEgOd{luvV
vVnAmid{luvVluvVgOd{luvV
wIZEgOd{vVnAluvVgOwInAmi
vVnAmid{vVnAwIZEgOwInAmi
luvVgOwInAmivVnAmid{luvV
wIZEgOd{vVnAvVnAmid{vVnA
luvVgOwIZEgOluvVgOd{vVnA
vVnAmid{luvVvVnAmid{luvV
wIZEgOd{luvVwIZEgOwInAmi
luvVgOwInAmiluvVgOd{vVnA
vVnAmid{vVnAvVnAmid{vVnA
wIZEgOd{luvVluvVgOwInAmi
luvVgOwIZEgOvVnAmid{vVnA
vVnAmid{luvVwIZEgOwInAmi
wIZEgOwInAmiwIZEgOd{vVnA
luvVgOd{vVnAluvVgOwInAmi
vVnAmid{vVnAwIZEgOd{vVnA
vVnAmid{luvVvVnAmid{vVnA
luvVgOd{luvVluvVgOwIZEgO
wIZEgOwInAmivVnAmid{luvV
