DuSOZifUj{DuDuSOZifUDuSO
j{DukEtAgIkDuESOZifUDuSO
tAgIkEfUj{Duj{DukEtASOZi
j{DukEtAgIkEj{DukEfUj{Du
DuSOZifUj{DutAgIkEfUj{Du
tAgIkEfUj{Duj{DukEtASOZi
DuSOZifUj{DutAgIkEfUDuSO
j{DukEtAgIkDuESOZifUj{Du
tAgIkEfUDuSODuSOZifUDuSO
j{DukEfUj{DuDuSOZifUDuSO
DuSOZifUDuSOtAgIkEtASOZi
tAgIkEtASOZij{DukEfUDuSO
j{DukEtASOZitAgIkEfUj{Du
DuSOZifUDuSOj{DukEtASOZi
tAgIkEfUj{DuDuSOZifUj{Du
j{DukEtAgIkEj{DukEfUDuSO
DuSOZifUj{Duj{DukEtAgIkE
tAgIkEtASOZiDuSOZifUDuSO
DuSOZifUDuSOj{DukEfUDuSO
j{DukEfUDuSODuSOZifUDuSO
tAgIkEfUj{DutAgIkEtASOZi
j{DukEfUDuSOtAgIkEtASOZi
DuSOZifUDuSODuSOZifUj{Du
tAgIkEfUDuSOj{DukEtASOZi
DuSOZifUj{Duj{DukEtASOZi
j{DukEtAgIkDuESOZifUj{Du
tAgIkEtASOZij{DukEfUDuSO
DuSOZifUDuSOtAgIkEfUj{Du
j{DukEtAgIkEj{DukEfUj{Du
DuSOZifUDuSODuSOZifUj{Du
tAgIkEfUj{DuDuSOZifUj{Du
j{DukEtAgIkEj{DukEfUDuSO
tAgIkEfUDuSOj{DukEtASOZi
DuSOZifUj{DutAgIkEfUDuSO
j{DukEtASOZiDuSOZifUDuSO
